<?xml version="1.0" encoding="UTF-8"?>
<testsuite xmlns:xsi="http://www.w3.org/2001/XMLSchema-instance" xsi:noNamespaceSchemaLocation="https://maven.apache.org/surefire/maven-surefire-plugin/xsd/surefire-test-report.xsd" name="com.paypal.bfs.test.employeeserv.impl.EmployeeResourceImplTest" time="0.48" tests="9" errors="0" skipped="0" failures="0">
  <properties>
[...]
</properties>
  <testcase name="getEmployeeIdException1" classname="com.paypal.bfs.test.employeeserv.impl.EmployeeResourceImplTest" time="0.385"/>
  <testcase name="getEmployeeIdException2" classname="com.paypal.bfs.test.employeeserv.impl.EmployeeResourceImplTest" time="0"/>
  <testcase name="getEmployeeIdException3" classname="com.paypal.bfs.test.employeeserv.impl.EmployeeResourceImplTest" time="0"/>
  <testcase name="getEmployeeIdException4" classname="com.paypal.bfs.test.employeeserv.impl.EmployeeResourceImplTest" time="0.012"/>
  <testcase name="createAndGetEmployeeTest" classname="com.paypal.bfs.test.employeeserv.impl.EmployeeResourceImplTest" time="0.035"/>
  <testcase name="createEmployeeFailTest2" classname="com.paypal.bfs.test.employeeserv.impl.EmployeeResourceImplTest" time="0"/>
  <testcase name="createEmployeeFailTest" classname="com.paypal.bfs.test.employeeserv.impl.EmployeeResourceImplTest" time="0.001"/>
  <testcase name="getANonExistingEmployee" classname="com.paypal.bfs.test.employeeserv.impl.EmployeeResourceImplTest" time="0"/>
  <testcase name="createEmployeeDOBExceptionTest" classname="com.paypal.bfs.test.employeeserv.impl.EmployeeResourceImplTest" time="0.001"/>
</testsuite>